2024-07-17 10:25:52,047 - ERROR - Error downloading HTML file: Failed to parse: 상속세 관련 질문입니다 _ 지식iN.html
2024-07-17 10:25:52,050 - ERROR - Error downloading HTML file: Failed to parse: 채무조정 이런방법이 맞는건가요_ _ 지식iN.html
2024-07-17 10:25:52,050 - ERROR - Error downloading HTML file: Failed to parse: 파산 되나요 _ 지식iN.html
2024-07-17 10:25:52,051 - ERROR - Error downloading HTML file: Failed to parse: 국민행복기금 채무조정 _ 지식iN.html
2024-07-17 10:25:52,051 - ERROR - Error downloading HTML file: Failed to parse: 햇살론 15 보증금액 _ 지식iN.html
2024-07-17 10:25:52,066 - ERROR - Error downloading HTML file: Failed to parse: 개인월변문의드립니다. _ 지식iN.html
2024-07-17 10:25:52,067 - ERROR - Error downloading HTML file: Failed to parse: 서울회생법원 보정서 제출이후 처리 문의드려요 _ 지식iN.html
2024-07-17 10:25:52,067 - ERROR - Error downloading HTML file: Failed to parse: 개인월변문의드립니다. _ 지식iN.html
2024-07-17 10:25:52,068 - ERROR - Error downloading HTML file: Failed to parse: 급여 압류중 출금금지 가능한가요_ _ 지식iN.html
2024-07-17 10:25:52,068 - ERROR - Error downloading HTML file: Failed to parse: 안녕하세요 신용점수 올리는 법 질문이 있습니다 _ 지식iN.html
2024-07-17 10:25:52,069 - ERROR - Error downloading HTML file: Failed to parse: 개인회생비용 얼마정도를 생각해야될까요_ _ 지식iN.html
2024-07-17 11:02:52,982 - ERROR - Error downloading file from 상속세 관련 질문입니다 _ 지식iN.html: Failed to parse: 상속세 관련 질문입니다 _ 지식iN.html
2024-07-17 11:02:52,983 - ERROR - Error downloading file from 채무조정 이런방법이 맞는건가요_ _ 지식iN.html: Failed to parse: 채무조정 이런방법이 맞는건가요_ _ 지식iN.html
2024-07-17 11:02:52,983 - ERROR - Error downloading file from 파산 되나요 _ 지식iN.html: Failed to parse: 파산 되나요 _ 지식iN.html
2024-07-17 11:02:52,984 - ERROR - Error downloading file from 국민행복기금 채무조정 _ 지식iN.html: Failed to parse: 국민행복기금 채무조정 _ 지식iN.html
2024-07-17 11:02:52,984 - ERROR - Error downloading file from 햇살론 15 보증금액 _ 지식iN.html: Failed to parse: 햇살론 15 보증금액 _ 지식iN.html
2024-07-17 11:02:52,986 - ERROR - Error downloading file from 개인월변문의드립니다. _ 지식iN.html: Failed to parse: 개인월변문의드립니다. _ 지식iN.html
2024-07-17 11:02:52,987 - ERROR - Error downloading file from 서울회생법원 보정서 제출이후 처리 문의드려요 _ 지식iN.html: Failed to parse: 서울회생법원 보정서 제출이후 처리 문의드려요 _ 지식iN.html
2024-07-17 11:02:52,987 - ERROR - Error downloading file from 개인월변문의드립니다. _ 지식iN.html: Failed to parse: 개인월변문의드립니다. _ 지식iN.html
2024-07-17 11:02:52,987 - ERROR - Error downloading file from 급여 압류중 출금금지 가능한가요_ _ 지식iN.html: Failed to parse: 급여 압류중 출금금지 가능한가요_ _ 지식iN.html
2024-07-17 11:02:52,988 - ERROR - Error downloading file from 안녕하세요 신용점수 올리는 법 질문이 있습니다 _ 지식iN.html: Failed to parse: 안녕하세요 신용점수 올리는 법 질문이 있습니다 _ 지식iN.html
2024-07-17 11:02:52,988 - ERROR - Error downloading file from 개인회생비용 얼마정도를 생각해야될까요_ _ 지식iN.html: Failed to parse: 개인회생비용 얼마정도를 생각해야될까요_ _ 지식iN.html
